# JRE version: OpenJDK Runtime Environment (8.0_152) (build 1.8.0_152-release-1343-b16-5323222)
# Java VM: OpenJDK 64-Bit Server VM (25.152-b16-5323222 mixed mode linux-amd64 compressed oops)
Heap:
 PSYoungGen      total 184832K, used 44013K [0x00000000e0000000, 0x00000000eed00000, 0x0000000100000000)
  eden space 140800K, 0% used [0x00000000e0000000,0x00000000e0000000,0x00000000e8980000)
  from space 44032K, 99% used [0x00000000ec200000,0x00000000eecfb660,0x00000000eed00000)
  to   space 45568K, 0% used [0x00000000e8980000,0x00000000e8980000,0x00000000eb600000)
 ParOldGen       total 177152K, used 111729K [0x00000000a0000000, 0x00000000aad00000, 0x00000000e0000000)
  object space 177152K, 63% used [0x00000000a0000000,0x00000000a6d1c5f8,0x00000000aad00000)
 Metaspace       used 95352K, capacity 98404K, committed 98712K, reserved 1134592K
  class space    used 12285K, capacity 12872K, committed 12960K, reserved 1048576K
GC Heap History (10 events):
Event: 68.939 GC heap after
Heap after GC invocations=28 (full 4):
 PSYoungGen      total 161792K, used 34290K [0x00000000e0000000, 0x00000000ef300000, 0x0000000100000000)
  eden space 127488K, 0% used [0x00000000e0000000,0x00000000e0000000,0x00000000e7c80000)
  from space 34304K, 99% used [0x00000000eae00000,0x00000000ecf7c878,0x00000000ecf80000)
  to   space 50688K, 0% used [0x00000000e7c80000,0x00000000e7c80000,0x00000000eae00000)
 ParOldGen       total 136704K, used 111206K [0x00000000a0000000, 0x00000000a8580000, 0x00000000e0000000)
  object space 136704K, 81% used [0x00000000a0000000,0x00000000a6c99a00,0x00000000a8580000)
 Metaspace       used 82574K, capacity 85059K, committed 85144K, reserved 1122304K
  class space    used 10863K, capacity 11387K, committed 11424K, reserved 1048576K
}
Event: 68.939 GC heap before
{Heap before GC invocations=29 (full 5):
 PSYoungGen      total 161792K, used 34290K [0x00000000e0000000, 0x00000000ef300000, 0x0000000100000000)
  eden space 127488K, 0% used [0x00000000e0000000,0x00000000e0000000,0x00000000e7c80000)
  from space 34304K, 99% used [0x00000000eae00000,0x00000000ecf7c878,0x00000000ecf80000)
  to   space 50688K, 0% used [0x00000000e7c80000,0x00000000e7c80000,0x00000000eae00000)
 ParOldGen       total 136704K, used 111206K [0x00000000a0000000, 0x00000000a8580000, 0x00000000e0000000)
  object space 136704K, 81% used [0x00000000a0000000,0x00000000a6c99a00,0x00000000a8580000)
 Metaspace       used 82574K, capacity 85059K, committed 85144K, reserved 1122304K
  class space    used 10863K, capacity 11387K, committed 11424K, reserved 1048576K
Event: 69.754 GC heap after
Heap after GC invocations=29 (full 5):
 PSYoungGen      total 161792K, used 0K [0x00000000e0000000, 0x00000000ef300000, 0x0000000100000000)
  eden space 127488K, 0% used [0x00000000e0000000,0x00000000e0000000,0x00000000e7c80000)
  from space 34304K, 0% used [0x00000000eae00000,0x00000000eae00000,0x00000000ecf80000)
  to   space 50688K, 0% used [0x00000000e7c80000,0x00000000e7c80000,0x00000000eae00000)
 ParOldGen       total 177152K, used 91078K [0x00000000a0000000, 0x00000000aad00000, 0x00000000e0000000)
  object space 177152K, 51% used [0x00000000a0000000,0x00000000a58f1a68,0x00000000aad00000)
 Metaspace       used 82574K, capacity 85059K, committed 85144K, reserved 1122304K
  class space    used 10863K, capacity 11387K, committed 11424K, reserved 1048576K
}
Event: 76.541 GC heap before
{Heap before GC invocations=30 (full 5):
 PSYoungGen      total 161792K, used 126922K [0x00000000e0000000, 0x00000000ef300000, 0x0000000100000000)
  eden space 127488K, 99% used [0x00000000e0000000,0x00000000e7bf2850,0x00000000e7c80000)
  from space 34304K, 0% used [0x00000000eae00000,0x00000000eae00000,0x00000000ecf80000)
  to   space 50688K, 0% used [0x00000000e7c80000,0x00000000e7c80000,0x00000000eae00000)
 ParOldGen       total 177152K, used 91078K [0x00000000a0000000, 0x00000000aad00000, 0x00000000e0000000)
  object space 177152K, 51% used [0x00000000a0000000,0x00000000a58f1a68,0x00000000aad00000)
 Metaspace       used 84032K, capacity 86639K, committed 86808K, reserved 1124352K
  class space    used 11018K, capacity 11523K, committed 11552K, reserved 1048576K
Event: 76.578 GC heap after
Heap after GC invocations=30 (full 5):
 PSYoungGen      total 178176K, used 9120K [0x00000000e0000000, 0x00000000eeb00000, 0x0000000100000000)
  eden space 127488K, 0% used [0x00000000e0000000,0x00000000e0000000,0x00000000e7c80000)
  from space 50688K, 17% used [0x00000000e7c80000,0x00000000e8568048,0x00000000eae00000)
  to   space 48640K, 0% used [0x00000000ebb80000,0x00000000ebb80000,0x00000000eeb00000)
 ParOldGen       total 177152K, used 91086K [0x00000000a0000000, 0x00000000aad00000, 0x00000000e0000000)
  object space 177152K, 51% used [0x00000000a0000000,0x00000000a58f3a68,0x00000000aad00000)
 Metaspace       used 84032K, capacity 86639K, committed 86808K, reserved 1124352K
  class space    used 11018K, capacity 11523K, committed 11552K, reserved 1048576K
}
Event: 194.366 GC heap before
{Heap before GC invocations=31 (full 5):
 PSYoungGen      total 178176K, used 136608K [0x00000000e0000000, 0x00000000eeb00000, 0x0000000100000000)
  eden space 127488K, 100% used [0x00000000e0000000,0x00000000e7c80000,0x00000000e7c80000)
  from space 50688K, 17% used [0x00000000e7c80000,0x00000000e8568048,0x00000000eae00000)
  to   space 48640K, 0% used [0x00000000ebb80000,0x00000000ebb80000,0x00000000eeb00000)
 ParOldGen       total 177152K, used 91086K [0x00000000a0000000, 0x00000000aad00000, 0x00000000e0000000)
  object space 177152K, 51% used [0x00000000a0000000,0x00000000a58f3a68,0x00000000aad00000)
 Metaspace       used 89634K, capacity 92623K, committed 92952K, reserved 1130496K
  class space    used 11621K, capacity 12197K, committed 12320K, reserved 1048576K
Event: 194.417 GC heap after
Heap after GC invocations=31 (full 5):
 PSYoungGen      total 180736K, used 16367K [0x00000000e0000000, 0x00000000ee280000, 0x0000000100000000)
  eden space 140800K, 0% used [0x00000000e0000000,0x00000000e0000000,0x00000000e8980000)
  from space 39936K, 40% used [0x00000000ebb80000,0x00000000ecb7be60,0x00000000ee280000)
  to   space 45568K, 0% used [0x00000000e8980000,0x00000000e8980000,0x00000000eb600000)
 ParOldGen       total 177152K, used 91086K [0x00000000a0000000, 0x00000000aad00000, 0x00000000e0000000)
  object space 177152K, 51% used [0x00000000a0000000,0x00000000a58f3a68,0x00000000aad00000)
 Metaspace       used 89634K, capacity 92623K, committed 92952K, reserved 1130496K
  class space    used 11621K, capacity 12197K, committed 12320K, reserved 1048576K
}
Event: 221.884 GC heap before
{Heap before GC invocations=32 (full 5):
 PSYoungGen      total 180736K, used 157167K [0x00000000e0000000, 0x00000000ee280000, 0x0000000100000000)
  eden space 140800K, 100% used [0x00000000e0000000,0x00000000e8980000,0x00000000e8980000)
  from space 39936K, 40% used [0x00000000ebb80000,0x00000000ecb7be60,0x00000000ee280000)
  to   space 45568K, 0% used [0x00000000e8980000,0x00000000e8980000,0x00000000eb600000)
 ParOldGen       total 177152K, used 91086K [0x00000000a0000000, 0x00000000aad00000, 0x00000000e0000000)
  object space 177152K, 51% used [0x00000000a0000000,0x00000000a58f3a68,0x00000000aad00000)
 Metaspace       used 91515K, capacity 94629K, committed 94872K, reserved 1132544K
  class space    used 11812K, capacity 12386K, committed 12448K, reserved 1048576K
Event: 222.283 GC heap after
Heap after GC invocations=32 (full 5):
 PSYoungGen      total 186368K, used 20630K [0x00000000e0000000, 0x00000000eed00000, 0x0000000100000000)
  eden space 140800K, 0% used [0x00000000e0000000,0x00000000e0000000,0x00000000e8980000)
  from space 45568K, 45% used [0x00000000e8980000,0x00000000e9da58c8,0x00000000eb600000)
  to   space 44032K, 0% used [0x00000000ec200000,0x00000000ec200000,0x00000000eed00000)
 ParOldGen       total 177152K, used 91086K [0x00000000a0000000, 0x00000000aad00000, 0x00000000e0000000)
  object space 177152K, 51% used [0x00000000a0000000,0x00000000a58f3a68,0x00000000aad00000)
 Metaspace       used 91515K, capacity 94629K, committed 94872K, reserved 1132544K
  class space    used 11812K, capacity 12386K, committed 12448K, reserved 1048576K
}
Event: 225.187 GC heap before
{Heap before GC invocations=33 (full 5):
 PSYoungGen      total 186368K, used 161430K [0x00000000e0000000, 0x00000000eed00000, 0x0000000100000000)
  eden space 140800K, 100% used [0x00000000e0000000,0x00000000e8980000,0x00000000e8980000)
  from space 45568K, 45% used [0x00000000e8980000,0x00000000e9da58c8,0x00000000eb600000)
  to   space 44032K, 0% used [0x00000000ec200000,0x00000000ec200000,0x00000000eed00000)
 ParOldGen       total 177152K, used 91086K [0x00000000a0000000, 0x00000000aad00000, 0x00000000e0000000)
  object space 177152K, 51% used [0x00000000a0000000,0x00000000a58f3a68,0x00000000aad00000)
 Metaspace       used 95352K, capacity 98404K, committed 98712K, reserved 1134592K
  class space    used 12285K, capacity 12872K, committed 12960K, reserved 1048576K

